0 verbose cli /usr/local/nvm/versions/node/v20.10.0/bin/node /usr/local/nvm/versions/node/v20.10.0/bin/npm
1 info using npm@10.2.4
2 info using node@v20.10.0
3 timing npm:load:whichnode Completed in 14ms
4 timing config:load:defaults Completed in 4ms
5 timing config:load:file:/usr/local/nvm/versions/node/v20.10.0/lib/node_modules/npm/npmrc Completed in 11ms
6 timing config:load:builtin Completed in 11ms
7 timing config:load:cli Completed in 3ms
8 timing config:load:env Completed in 1ms
9 timing config:load:project Completed in 1ms
10 timing config:load:file:/home/student_00_dca90a6c9441/.npmrc Completed in 0ms
11 timing config:load:user Completed in 0ms
12 timing config:load:file:/usr/local/nvm/versions/node/v20.10.0/etc/npmrc Completed in 0ms
13 timing config:load:global Completed in 1ms
14 timing config:load:setEnvs Completed in 1ms
15 timing config:load Completed in 22ms
16 timing npm:load:configload Completed in 22ms
17 timing config:load:flatten Completed in 4ms
18 timing npm:load:mkdirpcache Completed in 0ms
19 timing npm:load:mkdirplogs Completed in 1ms
20 verbose title npm config get prefix
21 verbose argv "config" "--loglevel" "warn" "get" "prefix"
22 timing npm:load:setTitle Completed in 1ms
23 timing npm:load:display Completed in 1ms
24 verbose logfile logs-max:10 dir:/home/student_00_dca90a6c9441/.npm/_logs/2023-12-18T12_22_37_417Z-
25 verbose logfile /home/student_00_dca90a6c9441/.npm/_logs/2023-12-18T12_22_37_417Z-debug-0.log
26 timing npm:load:logFile Completed in 11ms
27 timing npm:load:timers Completed in 0ms
28 timing npm:load:configScope Completed in 0ms
29 timing npm:load Completed in 85ms
30 timing command:config Completed in 5ms
31 verbose exit 0
32 timing npm Completed in 156ms
33 info ok
