Initializing document watcher...
Document watcher initialized
devops-repo/main.py: {}
devops-repo/main.py: {}
devops-repo/main.py: {}
devops-repo/main.py: Using EditorConfig core...
devops-repo/main.py: {}
devops-repo/main.py: {}
devops-repo/templates/layout.html: {}
devops-repo/templates/layout.html: {}
devops-repo/templates/layout.html: Using EditorConfig core...
devops-repo/templates/index.html: {}
devops-repo/templates/index.html: {}
devops-repo/templates/index.html: Using EditorConfig core...
devops-repo/templates/index.html: {}
devops-repo/templates/index.html: {}
No more open editors.
devops-repo/requirements.txt: {}
devops-repo/requirements.txt: {}
devops-repo/requirements.txt: Using EditorConfig core...
devops-repo/requirements.txt: {}
devops-repo/requirements.txt: {}
devops-repo/requirements.txt: {}
devops-repo/Dockerfile: {}
devops-repo/Dockerfile: Using EditorConfig core...
devops-repo/Dockerfile: {}
