2023-12-18 11:33:29.852 [info] Test server listening.
2023-12-18 11:33:29.852 [info] > conda info --json
2023-12-18 11:33:29.867 [info] Found: /usr/bin/python --> /usr/bin/python3.9
2023-12-18 11:33:29.867 [info] Found: /usr/bin/python2 --> /usr/bin/python2.7
2023-12-18 11:33:29.867 [info] Found: /usr/bin/python2.7 --> /usr/bin/python2.7
2023-12-18 11:33:29.867 [info] Found: /usr/bin/python3 --> /usr/bin/python3.9
2023-12-18 11:33:29.868 [info] Found: /usr/bin/python3.9 --> /usr/bin/python3.9
2023-12-18 11:33:29.927 [info] > /usr/bin/python -I /google/devshell/editor/code-oss-for-cloud-shell/extensions/ms-python.python/pythonFiles/get_output_via_markers.py /google/devshell/editor/code-oss-for-cloud-shell/extensions/ms-python.python/pythonFiles/interpreterInfo.py
2023-12-18 11:33:29.967 [info] > /usr/bin/python2 -I /google/devshell/editor/code-oss-for-cloud-shell/extensions/ms-python.python/pythonFiles/get_output_via_markers.py /google/devshell/editor/code-oss-for-cloud-shell/extensions/ms-python.python/pythonFiles/interpreterInfo.py
2023-12-18 11:33:29.975 [warning] [Error: Command failed: /usr/bin/python2 -I /google/devshell/editor/code-oss-for-cloud-shell/extensions/ms-python.python/pythonFiles/get_output_via_markers.py /google/devshell/editor/code-oss-for-cloud-shell/extensions/ms-python.python/pythonFiles/interpreterInfo.py
Unknown option: -I
usage: /usr/bin/python2 [option] ... [-c cmd | -m mod | file | -] [arg] ...
Try `python -h' for more information.

	at ChildProcess.exithandler (node:child_process:419:12)
	at ChildProcess.emit (node:events:513:28)
	at maybeClose (node:internal/child_process:1091:16)
	at Socket.<anonymous> (node:internal/child_process:449:11)
	at Socket.emit (node:events:513:28)
	at Pipe.<anonymous> (node:net:322:12)] {
  code: 2,
  killed: false,
  signal: null,
  cmd: '/usr/bin/python2 -I /google/devshell/editor/code-oss-for-cloud-shell/extensions/ms-python.python/pythonFiles/get_output_via_markers.py /google/devshell/editor/code-oss-for-cloud-shell/extensions/ms-python.python/pythonFiles/interpreterInfo.py'
}
2023-12-18 11:33:29.976 [error] Support for Python 2.7 has been dropped by the Python extension so certain features may not work, upgrade to using Python 3.
2023-12-18 11:33:29.998 [info] > /usr/bin/python2 /google/devshell/editor/code-oss-for-cloud-shell/extensions/ms-python.python/pythonFiles/get_output_via_markers.py /google/devshell/editor/code-oss-for-cloud-shell/extensions/ms-python.python/pythonFiles/interpreterInfo.py
2023-12-18 11:33:30.065 [warning] Retry failed, storage update failed for key PYTHON_GLOBAL_STORAGE_KEYS
2023-12-18 11:33:30.103 [warning] Retry failed, storage update failed for key PYTHON_GLOBAL_STORAGE_KEYS
2023-12-18 11:33:30.103 [warning] Retry failed, storage update failed for key PYTHON_GLOBAL_STORAGE_KEYS
2023-12-18 11:33:30.103 [warning] Retry failed, storage update failed for key PYTHON_GLOBAL_STORAGE_KEYS
2023-12-18 11:33:30.103 [warning] Retry failed, storage update failed for key PYTHON_GLOBAL_STORAGE_KEYS
2023-12-18 11:33:30.103 [warning] Retry failed, storage update failed for key PYTHON_GLOBAL_STORAGE_KEYS
2023-12-18 11:33:30.103 [warning] Retry failed, storage update failed for key PYTHON_WORKSPACE_STORAGE_KEYS
2023-12-18 11:33:30.103 [warning] Retry failed, storage update failed for key PYTHON_WORKSPACE_STORAGE_KEYS
2023-12-18 11:33:30.103 [warning] Retry failed, storage update failed for key PYTHON_WORKSPACE_STORAGE_KEYS
2023-12-18 11:33:30.116 [info] Python interpreter path: /usr/bin/python
2023-12-18 11:33:30.443 [warning] Retry failed, storage update failed for key PYTHON_GLOBAL_STORAGE_KEYS
2023-12-18 11:33:30.443 [warning] Retry failed, storage update failed for key PYTHON_GLOBAL_STORAGE_KEYS
2023-12-18 11:33:31.787 [info] Starting Jedi language server for devops-repo.
2023-12-18 11:33:55.318 [info] Discover tests for workspace name: devops-repo - uri: /home/student_00_dca90a6c9441/gcp-course/devops-repo/main.py
2023-12-18 11:37:57.676 [info] Running installed packages checker:  python /google/devshell/editor/code-oss-for-cloud-shell/extensions/ms-python.python/pythonFiles/installed_check.py /home/student_00_dca90a6c9441/gcp-course/devops-repo/requirements.txt
2023-12-18 11:38:08.427 [info] Running installed packages checker:  python /google/devshell/editor/code-oss-for-cloud-shell/extensions/ms-python.python/pythonFiles/installed_check.py /home/student_00_dca90a6c9441/gcp-course/devops-repo/requirements.txt
