2023-12-18 11:32:45.201 [info] Log level: Info
2023-12-18 11:32:45.201 [info] Validating found git in: "git"
2023-12-18 11:32:45.201 [info] Using git "2.30.2" from "git"
2023-12-18 11:32:45.211 [info] > git rev-parse --show-toplevel [17ms]
2023-12-18 11:32:45.229 [info] > git rev-parse --git-dir --git-common-dir [5ms]
2023-12-18 11:32:45.252 [info] Open repository: /home/student_00_dca90a6c9441/gcp-course/devops-repo
2023-12-18 11:32:46.739 [info] > git config --get commit.template [1466ms]
2023-12-18 11:32:46.758 [info] > git for-each-ref --format=%(refname)%00%(upstream:short)%00%(objectname)%00%(upstream:track)%00%(upstream:remotename)%00%(upstream:remoteref) refs/heads/master refs/remotes/master [1460ms]
2023-12-18 11:32:46.777 [info] > git status -z -uall [3ms]
2023-12-18 11:32:46.816 [info] > git config --get commit.template [17ms]
2023-12-18 11:32:46.817 [info] > git for-each-ref --format=%(refname)%00%(upstream:short)%00%(objectname)%00%(upstream:track)%00%(upstream:remotename)%00%(upstream:remoteref) refs/heads/master refs/remotes/master [4ms]
2023-12-18 11:32:46.833 [info] > git status -z -uall [2ms]
2023-12-18 11:33:29.666 [info] > git check-ignore -v -z --stdin [46ms]
2023-12-18 11:33:29.668 [info] > git show --textconv :main.py [25ms]
2023-12-18 11:33:29.668 [info] > git ls-files --stage -- /home/student_00_dca90a6c9441/gcp-course/devops-repo/main.py [8ms]
2023-12-18 11:33:30.044 [info] > git config --get commit.template [7ms]
2023-12-18 11:33:30.082 [info] > git for-each-ref --format=%(refname)%00%(upstream:short)%00%(objectname)%00%(upstream:track)%00%(upstream:remotename)%00%(upstream:remoteref) refs/heads/master refs/remotes/master [20ms]
2023-12-18 11:33:30.104 [info] > git status -z -uall [6ms]
2023-12-18 11:33:56.176 [info] > git config --get commit.template [59ms]
2023-12-18 11:33:56.181 [info] > git for-each-ref --format=%(refname)%00%(upstream:short)%00%(objectname)%00%(upstream:track)%00%(upstream:remotename)%00%(upstream:remoteref) refs/heads/master refs/remotes/master [9ms]
2023-12-18 11:33:56.206 [info] > git status -z -uall [4ms]
2023-12-18 11:34:32.538 [info] > git check-ignore -v -z --stdin [2ms]
2023-12-18 11:34:32.916 [info] > git config --get commit.template [3ms]
2023-12-18 11:34:32.931 [info] > git for-each-ref --format=%(refname)%00%(upstream:short)%00%(objectname)%00%(upstream:track)%00%(upstream:remotename)%00%(upstream:remoteref) refs/heads/master refs/remotes/master [2ms]
2023-12-18 11:34:32.945 [info] > git status -z -uall [2ms]
2023-12-18 11:35:02.721 [info] > git show --textconv :templates/layout.html [16ms]
2023-12-18 11:35:02.725 [info] > git ls-files --stage -- /home/student_00_dca90a6c9441/gcp-course/devops-repo/templates/layout.html [4ms]
2023-12-18 11:35:02.788 [info] > git check-ignore -v -z --stdin [3ms]
2023-12-18 11:35:03.240 [info] > git config --get commit.template [35ms]
2023-12-18 11:35:03.299 [info] > git for-each-ref --format=%(refname)%00%(upstream:short)%00%(objectname)%00%(upstream:track)%00%(upstream:remotename)%00%(upstream:remoteref) refs/heads/master refs/remotes/master [12ms]
2023-12-18 11:35:03.320 [info] > git status -z -uall [6ms]
2023-12-18 11:35:20.274 [info] > git config --get commit.template [5ms]
2023-12-18 11:35:20.291 [info] > git for-each-ref --format=%(refname)%00%(upstream:short)%00%(objectname)%00%(upstream:track)%00%(upstream:remotename)%00%(upstream:remoteref) refs/heads/master refs/remotes/master [2ms]
2023-12-18 11:35:20.309 [info] > git status -z -uall [2ms]
2023-12-18 11:35:34.784 [info] > git show --textconv :templates/index.html [14ms]
2023-12-18 11:35:34.785 [info] > git ls-files --stage -- /home/student_00_dca90a6c9441/gcp-course/devops-repo/templates/index.html [3ms]
2023-12-18 11:35:34.880 [info] > git check-ignore -v -z --stdin [2ms]
2023-12-18 11:35:39.809 [info] > git config --get commit.template [18ms]
2023-12-18 11:35:39.810 [info] > git for-each-ref --format=%(refname)%00%(upstream:short)%00%(objectname)%00%(upstream:track)%00%(upstream:remotename)%00%(upstream:remoteref) refs/heads/master refs/remotes/master [2ms]
2023-12-18 11:35:39.830 [info] > git status -z -uall [2ms]
2023-12-18 11:35:44.854 [info] > git config --get commit.template [2ms]
2023-12-18 11:35:44.871 [info] > git for-each-ref --format=%(refname)%00%(upstream:short)%00%(objectname)%00%(upstream:track)%00%(upstream:remotename)%00%(upstream:remoteref) refs/heads/master refs/remotes/master [2ms]
2023-12-18 11:35:44.891 [info] > git status -z -uall [2ms]
2023-12-18 11:36:06.708 [info] > git show --textconv :templates/index.html [19ms]
2023-12-18 11:36:06.713 [info] > git ls-files --stage -- /home/student_00_dca90a6c9441/gcp-course/devops-repo/templates/index.html [7ms]
2023-12-18 11:37:57.978 [info] > git show --textconv :requirements.txt [14ms]
2023-12-18 11:37:57.981 [info] > git ls-files --stage -- /home/student_00_dca90a6c9441/gcp-course/devops-repo/requirements.txt [3ms]
2023-12-18 11:37:58.072 [info] > git check-ignore -v -z --stdin [3ms]
2023-12-18 11:37:58.518 [info] > git config --get commit.template [21ms]
2023-12-18 11:37:58.521 [info] > git for-each-ref --format=%(refname)%00%(upstream:short)%00%(objectname)%00%(upstream:track)%00%(upstream:remotename)%00%(upstream:remoteref) refs/heads/master refs/remotes/master [4ms]
2023-12-18 11:37:58.540 [info] > git status -z -uall [4ms]
2023-12-18 11:38:09.414 [info] > git config --get commit.template [3ms]
2023-12-18 11:38:09.432 [info] > git for-each-ref --format=%(refname)%00%(upstream:short)%00%(objectname)%00%(upstream:track)%00%(upstream:remotename)%00%(upstream:remoteref) refs/heads/master refs/remotes/master [2ms]
2023-12-18 11:38:09.449 [info] > git status -z -uall [2ms]
2023-12-18 11:40:53.243 [info] > git config --get commit.template [17ms]
2023-12-18 11:40:53.244 [info] > git for-each-ref --format=%(refname)%00%(upstream:short)%00%(objectname)%00%(upstream:track)%00%(upstream:remotename)%00%(upstream:remoteref) refs/heads/master refs/remotes/master [3ms]
2023-12-18 11:40:53.263 [info] > git status -z -uall [2ms]
2023-12-18 11:40:53.358 [info] > git ls-files --stage -- /home/student_00_dca90a6c9441/gcp-course/devops-repo/requirements.txt [2ms]
2023-12-18 11:40:53.380 [info] > git cat-file -s 3cab6334c5718b2171f8ef09a56f593b9f056516 [2ms]
2023-12-18 11:40:53.498 [info] > git show --textconv :requirements.txt [3ms]
2023-12-18 11:40:58.289 [info] > git config --get commit.template [2ms]
2023-12-18 11:40:58.303 [info] > git for-each-ref --format=%(refname)%00%(upstream:short)%00%(objectname)%00%(upstream:track)%00%(upstream:remotename)%00%(upstream:remoteref) refs/heads/master refs/remotes/master [2ms]
2023-12-18 11:40:58.317 [info] > git status -z -uall [2ms]
2023-12-18 11:41:22.321 [info] > git show --textconv :Dockerfile [14ms]
2023-12-18 11:41:22.323 [info] > git ls-files --stage -- /home/student_00_dca90a6c9441/gcp-course/devops-repo/Dockerfile [3ms]
2023-12-18 11:41:22.412 [info] > git check-ignore -v -z --stdin [3ms]
2023-12-18 11:41:22.840 [info] > git config --get commit.template [1ms]
2023-12-18 11:41:22.855 [info] > git for-each-ref --format=%(refname)%00%(upstream:short)%00%(objectname)%00%(upstream:track)%00%(upstream:remotename)%00%(upstream:remoteref) refs/heads/master refs/remotes/master [3ms]
2023-12-18 11:41:22.869 [info] > git status -z -uall [2ms]
2023-12-18 11:41:28.946 [info] > git config --get commit.template [2ms]
2023-12-18 11:41:28.965 [info] > git for-each-ref --format=%(refname)%00%(upstream:short)%00%(objectname)%00%(upstream:track)%00%(upstream:remotename)%00%(upstream:remoteref) refs/heads/master refs/remotes/master [2ms]
2023-12-18 11:41:28.984 [info] > git status -z -uall [2ms]
