2023-12-18 12:10:37.722 [info] Log level: Info
2023-12-18 12:10:37.722 [info] Validating found git in: "git"
2023-12-18 12:10:37.722 [info] Using git "2.30.2" from "git"
2023-12-18 12:10:37.722 [info] > git rev-parse --show-toplevel [39ms]
2023-12-18 12:10:37.724 [info] > git rev-parse --git-dir --git-common-dir [4ms]
2023-12-18 12:10:37.740 [info] Open repository: /home/student_00_dca90a6c9441/gcp-course/devops-repo
2023-12-18 12:10:37.941 [info] > git config --get commit.template [176ms]
2023-12-18 12:10:37.959 [info] > git rev-parse --show-toplevel [174ms]
2023-12-18 12:10:38.057 [info] > git for-each-ref --format=%(refname)%00%(upstream:short)%00%(objectname)%00%(upstream:track)%00%(upstream:remotename)%00%(upstream:remoteref) refs/heads/master refs/remotes/master [72ms]
2023-12-18 12:10:38.290 [info] > git status -z -uall [208ms]
2023-12-18 12:10:38.619 [info] > git check-ignore -v -z --stdin [114ms]
2023-12-18 12:10:38.621 [info] > git config --get commit.template [172ms]
2023-12-18 12:10:38.741 [info] > git show --textconv :main.py [32ms]
2023-12-18 12:10:38.743 [info] > git for-each-ref --format=%(refname)%00%(upstream:short)%00%(objectname)%00%(upstream:track)%00%(upstream:remotename)%00%(upstream:remoteref) refs/heads/master refs/remotes/master [69ms]
2023-12-18 12:10:38.774 [info] > git ls-files --stage -- /home/student_00_dca90a6c9441/gcp-course/devops-repo/main.py [41ms]
2023-12-18 12:10:38.805 [info] > git status -z -uall [38ms]
2023-12-18 12:10:39.144 [info] > git cat-file -s 59d785b644075906ab8756d27b6ec78877991557 [341ms]
2023-12-18 12:10:45.272 [info] > git config --get commit.template [39ms]
2023-12-18 12:10:45.274 [info] > git for-each-ref --format=%(refname)%00%(upstream:short)%00%(objectname)%00%(upstream:track)%00%(upstream:remotename)%00%(upstream:remoteref) refs/heads/master refs/remotes/master [5ms]
2023-12-18 12:10:45.321 [info] > git status -z -uall [5ms]
2023-12-18 12:10:50.358 [info] > git config --get commit.template [3ms]
2023-12-18 12:10:50.382 [info] > git for-each-ref --format=%(refname)%00%(upstream:short)%00%(objectname)%00%(upstream:track)%00%(upstream:remotename)%00%(upstream:remoteref) refs/heads/master refs/remotes/master [3ms]
2023-12-18 12:10:50.406 [info] > git status -z -uall [3ms]
2023-12-18 12:19:33.777 [info] > git config --get commit.template [21ms]
2023-12-18 12:19:33.778 [info] > git for-each-ref --format=%(refname)%00%(upstream:short)%00%(objectname)%00%(upstream:track)%00%(upstream:remotename)%00%(upstream:remoteref) refs/heads/master refs/remotes/master [5ms]
2023-12-18 12:19:33.798 [info] > git status -z -uall [3ms]
2023-12-18 12:19:33.873 [info] > git ls-files --stage -- /home/student_00_dca90a6c9441/gcp-course/devops-repo/main.py [2ms]
2023-12-18 12:19:33.892 [info] > git cat-file -s 922c394924a9132f57f5bf8ac1b839769a35525f [2ms]
2023-12-18 12:19:34.006 [info] > git show --textconv :main.py [3ms]
2023-12-18 12:19:38.838 [info] > git config --get commit.template [16ms]
2023-12-18 12:19:38.838 [info] > git for-each-ref --format=%(refname)%00%(upstream:short)%00%(objectname)%00%(upstream:track)%00%(upstream:remotename)%00%(upstream:remoteref) refs/heads/master refs/remotes/master [2ms]
2023-12-18 12:19:38.853 [info] > git status -z -uall [2ms]
2023-12-18 12:25:03.840 [info] > git show --textconv :Dockerfile [16ms]
2023-12-18 12:25:03.841 [info] > git ls-files --stage -- /home/student_00_dca90a6c9441/gcp-course/devops-repo/Dockerfile [3ms]
2023-12-18 12:25:03.857 [info] > git cat-file -s 093841cbfc3d8796e52bf5deb29e6b5768e8cdbc [3ms]
2023-12-18 12:39:50.046 [info] > git show --textconv :main.py [17ms]
2023-12-18 12:39:50.048 [info] > git ls-files --stage -- /home/student_00_dca90a6c9441/gcp-course/devops-repo/main.py [4ms]
2023-12-18 12:39:50.062 [info] > git cat-file -s 922c394924a9132f57f5bf8ac1b839769a35525f [2ms]
2023-12-18 12:40:07.614 [info] > git config --get commit.template [42ms]
2023-12-18 12:40:07.615 [info] > git for-each-ref --format=%(refname)%00%(upstream:short)%00%(objectname)%00%(upstream:track)%00%(upstream:remotename)%00%(upstream:remoteref) refs/heads/master refs/remotes/master [3ms]
2023-12-18 12:40:07.635 [info] > git status -z -uall [3ms]
2023-12-18 12:40:12.665 [info] > git config --get commit.template [2ms]
2023-12-18 12:40:12.685 [info] > git for-each-ref --format=%(refname)%00%(upstream:short)%00%(objectname)%00%(upstream:track)%00%(upstream:remotename)%00%(upstream:remoteref) refs/heads/master refs/remotes/master [2ms]
2023-12-18 12:40:12.706 [info] > git status -z -uall [4ms]
2023-12-18 12:40:18.414 [info] > git config --get commit.template [21ms]
2023-12-18 12:40:18.416 [info] > git for-each-ref --format=%(refname)%00%(upstream:short)%00%(objectname)%00%(upstream:track)%00%(upstream:remotename)%00%(upstream:remoteref) refs/heads/master refs/remotes/master [4ms]
2023-12-18 12:40:18.437 [info] > git status -z -uall [4ms]
2023-12-18 12:40:31.125 [info] > git config --get commit.template [15ms]
2023-12-18 12:40:31.126 [info] > git for-each-ref --format=%(refname)%00%(upstream:short)%00%(objectname)%00%(upstream:track)%00%(upstream:remotename)%00%(upstream:remoteref) refs/heads/master refs/remotes/master [2ms]
2023-12-18 12:40:31.151 [info] > git status -z -uall [6ms]
